[debug] [2023-03-21T23:14:15.733Z] ----------------------------------------------------------------------
[debug] [2023-03-21T23:14:15.735Z] Command:       C:\Program Files\nodejs\node.exe C:\Program Files\nodejs\node_modules\firebase-tools\lib\bin\firebase.js init
[debug] [2023-03-21T23:14:15.735Z] CLI Version:   11.24.1
[debug] [2023-03-21T23:14:15.736Z] Platform:      win32
[debug] [2023-03-21T23:14:15.736Z] Node Version:  v16.19.1
[debug] [2023-03-21T23:14:15.737Z] Time:          Tue Mar 21 2023 20:14:15 GMT-0300 (hora estándar de Argentina)
[debug] [2023-03-21T23:14:15.737Z] ----------------------------------------------------------------------
[debug] 
[debug] [2023-03-21T23:14:15.834Z] > command requires scopes: ["email","openid","https://www.googleapis.com/auth/cloudplatformprojects.readonly","https://www.googleapis.com/auth/firebase","https://www.googleapis.com/auth/cloud-platform"]
[debug] [2023-03-21T23:14:15.835Z] > authorizing via signed-in user (maxi.326519@gmail.com)
[info] 
     ######## #### ########  ######## ########     ###     ######  ########
     ##        ##  ##     ## ##       ##     ##  ##   ##  ##       ##
     ######    ##  ########  ######   ########  #########  ######  ######
     ##        ##  ##    ##  ##       ##     ## ##     ##       ## ##
     ##       #### ##     ## ######## ########  ##     ##  ######  ########

You're about to initialize a Firebase project in this directory:

  C:\Users\maxim\Documents\GitHub\reseller-inventory

Before we get started, keep in mind:

  * You are initializing within an existing Firebase project directory

[info] 
=== Project Setup
[info] 
[info] First, let's associate this project directory with a Firebase project.
[info] You can create multiple project aliases by running firebase use --add, 
[info] but for now we'll just set up a default project.
[info] 
[debug] [2023-03-21T23:14:21.472Z] Using project from CLI flag: reseller-8e187
[debug] [2023-03-21T23:14:21.474Z] >>> [apiv2][query] GET https://firebase.googleapis.com/v1beta1/projects/reseller-8e187 [none]
[debug] [2023-03-21T23:14:21.876Z] <<< [apiv2][status] GET https://firebase.googleapis.com/v1beta1/projects/reseller-8e187 200
[debug] [2023-03-21T23:14:21.876Z] <<< [apiv2][body] GET https://firebase.googleapis.com/v1beta1/projects/reseller-8e187 {"projectId":"reseller-8e187","projectNumber":"666877148923","displayName":"Reseller","name":"projects/reseller-8e187","resources":{"hostingSite":"reseller-8e187","storageBucket":"reseller-8e187.appspot.com","locationId":"us-central"},"state":"ACTIVE","etag":"1_86536945-c948-460c-9bda-cdf0ef0211e0"}
[info] i  Using project reseller-8e187 (Reseller) 
[info] 
=== Hosting Setup
[info] 
[info] Your public directory is the folder (relative to your project directory) that
[info] will contain Hosting assets to be uploaded with firebase deploy. If you
[info] have a build process for your assets, use your build's output directory.
[info] 
